<?xml version="1.0" encoding="UTF-8"?>
<testng-results skipped="0" failed="0" ignored="0" total="2" passed="2">
  <reporter-output>
    <line>
      <![CDATA[Executing doUserRegistration Test]]>
    </line>
    <line>
      <![CDATA[Executing doLogin Test]]>
    </line>
  </reporter-output>
  <suite name="Smoke Test Suite" duration-ms="56" started-at="2022-12-16T19:47:17 IST" finished-at="2022-12-16T19:47:17 IST">
    <groups>
      <group name="functional">
        <method signature="TestCase1.doUserRegistration()[pri:0, instance:test2.TestCase1@7a1ebcd8]" name="doUserRegistration" class="test2.TestCase1"/>
        <method signature="TestCase1.doLogin()[pri:1, instance:test2.TestCase1@7a1ebcd8]" name="doLogin" class="test2.TestCase1"/>
      </group> <!-- functional -->
    </groups>
    <test name="Basic Test1" duration-ms="56" started-at="2022-12-16T19:47:17 IST" finished-at="2022-12-16T19:47:17 IST">
      <class name="test2.TestCase1">
        <test-method status="PASS" signature="setUp()[pri:0, instance:test2.TestCase1@7a1ebcd8]" name="setUp" is-config="true" duration-ms="19" started-at="2022-12-16T19:47:17 IST" finished-at="2022-12-16T19:47:17 IST">
          <reporter-output>
          </reporter-output>
        </test-method> <!-- setUp -->
        <test-method status="PASS" signature="doUserRegistration()[pri:0, instance:test2.TestCase1@7a1ebcd8]" name="doUserRegistration" duration-ms="7" started-at="2022-12-16T19:47:17 IST" finished-at="2022-12-16T19:47:17 IST">
          <reporter-output>
            <line>
              <![CDATA[Executing doUserRegistration Test]]>
            </line>
          </reporter-output>
        </test-method> <!-- doUserRegistration -->
        <test-method status="PASS" signature="doLogin()[pri:1, instance:test2.TestCase1@7a1ebcd8]" name="doLogin" duration-ms="1" started-at="2022-12-16T19:47:17 IST" depends-on-methods="test2.TestCase1.doUserRegistration" finished-at="2022-12-16T19:47:17 IST">
          <reporter-output>
            <line>
              <![CDATA[Executing doLogin Test]]>
            </line>
          </reporter-output>
        </test-method> <!-- doLogin -->
        <test-method status="PASS" signature="tearDown()[pri:0, instance:test2.TestCase1@7a1ebcd8]" name="tearDown" is-config="true" duration-ms="0" started-at="2022-12-16T19:47:17 IST" finished-at="2022-12-16T19:47:17 IST">
          <reporter-output>
          </reporter-output>
        </test-method> <!-- tearDown -->
      </class> <!-- test2.TestCase1 -->
    </test> <!-- Basic Test1 -->
  </suite> <!-- Smoke Test Suite -->
</testng-results>
