<?xml version="1.0" encoding="UTF-8"?>
<!-- Generated by org.testng.reporters.JUnitXMLReporter -->
<testsuite hostname="DESKTOP-N60QB27" ignored="3" name="Basic Test3" tests="1" failures="0" timestamp="2022-12-16T16:40:56 IST" time="0.005" errors="0">
  <testcase name="doUserRegistration" time="0.001" classname="testcases.TestCase3"/>
  <testcase name="doLogin" time="0.0" classname="testcases.TestCase3">
    <ignored/>
  </testcase> <!-- doLogin -->
  <testcase name="thirdTest" time="0.0" classname="testcases.TestCase3">
    <ignored/>
  </testcase> <!-- thirdTest -->
  <testcase name="forthTest" time="0.0" classname="testcases.TestCase3">
    <ignored/>
  </testcase> <!-- forthTest -->
</testsuite> <!-- Basic Test3 -->
